<?xml version="1.0" encoding="UTF-8"?>
<!-- Generated by org.testng.reporters.JUnitXMLReporter -->
<testsuite hostname="Assels-MBP.fios-router.home" ignored="1" name="Regression Test(failed)" tests="1" failures="0" timestamp="2020-01-21T21:43:23 EST" time="0.077" errors="0">
  <testcase name="@BeforeMethod setUp" time="0.011" classname="com.hrms.testbase.BaseClass">
    <failure type="java.lang.NullPointerException">
      <![CDATA[java.lang.NullPointerException
at com.hrms.utils.ConfigsReader.getProperty(ConfigsReader.java:32)
at com.hrms.testbase.BaseClass.setUp(BaseClass.java:23)
at java.util.ArrayList.forEach(ArrayList.java:1257)
... Removed 31 stack frames]]>
    </failure>
  </testcase> <!-- @BeforeMethod setUp -->
  <testcase name="negativeLogin" time="0.0" classname="com.hrms.testcases.LoginPageTest">
    <skipped/>
  </testcase> <!-- negativeLogin -->
  <testcase name="login" time="0.0" classname="com.hrms.testcases.LoginPageTest">
    <ignored/>
  </testcase> <!-- login -->
</testsuite> <!-- Regression Test(failed) -->
