<?xml version="1.0" encoding="UTF-8"?>
<testng-results skipped="0" failed="0" ignored="0" total="1" passed="1">
  <reporter-output>
  </reporter-output>
  <suite name="Default suite" duration-ms="71" started-at="2020-01-19T15:18:57 EST" finished-at="2020-01-19T15:18:57 EST">
    <groups>
    </groups>
    <test name="Default test" duration-ms="71" started-at="2020-01-19T15:18:57 EST" finished-at="2020-01-19T15:18:57 EST">
      <class name="com.practice.PropertyFileReading">
        <test-method status="PASS" signature="read()[pri:0, instance:com.practice.PropertyFileReading@3a5ed7a6]" name="read" duration-ms="14" started-at="2020-01-19T15:18:57 EST" finished-at="2020-01-19T15:18:57 EST">
          <reporter-output>
          </reporter-output>
        </test-method> <!-- read -->
      </class> <!-- com.practice.PropertyFileReading -->
    </test> <!-- Default test -->
  </suite> <!-- Default suite -->
</testng-results>
